{"uuid":"07cf122e-cce9-4e01-8695-f3047b6ae84f","historyId":"86dfb8ce171a2c892bf1922258e2b3d6","fullName":"com.ecommerce.automation.tests.AcceptanceTest.fullPurchaseFlow","labels":[{"name":"package","value":"com.ecommerce.automation.tests.AcceptanceTest"},{"name":"testClass","value":"com.ecommerce.automation.tests.AcceptanceTest"},{"name":"testMethod","value":"fullPurchaseFlow"},{"name":"parentSuite","value":"Default Suite"},{"name":"suite","value":"ECommerceAutomationSuite"},{"name":"subSuite","value":"com.ecommerce.automation.tests.AcceptanceTest"},{"name":"host","value":"LAPTOP-7F2FE8EN"},{"name":"thread","value":"14420@LAPTOP-7F2FE8EN.main(1)"},{"name":"framework","value":"testng"},{"name":"language","value":"java"}],"links":[],"name":"Happy path: login, add to cart, checkout","status":"broken","statusDetails":{"known":false,"muted":false,"flaky":false,"message":"Expected condition failed: waiting for element to be clickable: Proxy element for: DefaultElementLocator 'By.cssSelector: [data-test='checkout']' (tried for 20 second(s) with 500 milliseconds interval)","trace":"org.openqa.selenium.TimeoutException: Expected condition failed: waiting for element to be clickable: Proxy element for: DefaultElementLocator 'By.cssSelector: [data-test='checkout']' (tried for 20 second(s) with 500 milliseconds interval)\r\n\tat org.openqa.selenium.support.ui.WebDriverWait.timeoutException(WebDriverWait.java:84)\r\n\tat org.openqa.selenium.support.ui.FluentWait.until(FluentWait.java:228)\r\n\tat com.ecommerce.automation.core.WaitUtils.untilClickable(WaitUtils.java:16)\r\n\tat com.ecommerce.automation.pages.CartPage.<init>(CartPage.java:28)\r\n\tat com.ecommerce.automation.pages.ProductsPage.goToCart(ProductsPage.java:45)\r\n\tat com.ecommerce.automation.tests.AcceptanceTest.fullPurchaseFlow(AcceptanceTest.java:33)\r\n\tat java.base/jdk.internal.reflect.NativeMethodAccessorImpl.invoke0(Native Method)\r\n\tat java.base/jdk.internal.reflect.NativeMethodAccessorImpl.invoke(NativeMethodAccessorImpl.java:77)\r\n\tat java.base/jdk.internal.reflect.DelegatingMethodAccessorImpl.invoke(DelegatingMethodAccessorImpl.java:43)\r\n\tat java.base/java.lang.reflect.Method.invoke(Method.java:569)\r\n\tat org.testng.internal.invokers.MethodInvocationHelper.invokeMethod(MethodInvocationHelper.java:141)\r\n\tat org.testng.internal.invokers.TestInvoker.invokeMethod(TestInvoker.java:686)\r\n\tat org.testng.internal.invokers.TestInvoker.invokeTestMethod(TestInvoker.java:230)\r\n\tat org.testng.internal.invokers.MethodRunner.runInSequence(MethodRunner.java:63)\r\n\tat org.testng.internal.invokers.TestInvoker$MethodInvocationAgent.invoke(TestInvoker.java:992)\r\n\tat org.testng.internal.invokers.TestInvoker.invokeTestMethods(TestInvoker.java:203)\r\n\tat org.testng.internal.invokers.TestMethodWorker.invokeTestMethods(TestMethodWorker.java:154)\r\n\tat org.testng.internal.invokers.TestMethodWorker.run(TestMethodWorker.java:134)\r\n\tat java.base/java.util.ArrayList.forEach(ArrayList.java:1511)\r\n\tat org.testng.TestRunner.privateRun(TestRunner.java:739)\r\n\tat org.testng.TestRunner.run(TestRunner.java:614)\r\n\tat org.testng.SuiteRunner.runTest(SuiteRunner.java:421)\r\n\tat org.testng.SuiteRunner.runSequentially(SuiteRunner.java:413)\r\n\tat org.testng.SuiteRunner.privateRun(SuiteRunner.java:373)\r\n\tat org.testng.SuiteRunner.run(SuiteRunner.java:312)\r\n\tat org.testng.SuiteRunnerWorker.runSuite(SuiteRunnerWorker.java:52)\r\n\tat org.testng.SuiteRunnerWorker.run(SuiteRunnerWorker.java:95)\r\n\tat org.testng.TestNG.runSuitesSequentially(TestNG.java:1274)\r\n\tat org.testng.TestNG.runSuitesLocally(TestNG.java:1208)\r\n\tat org.testng.TestNG.runSuites(TestNG.java:1112)\r\n\tat org.testng.TestNG.run(TestNG.java:1079)\r\n\tat com.intellij.rt.testng.IDEARemoteTestNG.run(IDEARemoteTestNG.java:65)\r\n\tat com.intellij.rt.testng.RemoteTestNGStarter.main(RemoteTestNGStarter.java:105)\r\nCaused by: org.openqa.selenium.NoSuchElementException: no such element: Unable to locate element: {\"method\":\"css selector\",\"selector\":\"[data-test='checkout']\"}\n  (Session info: chrome=139.0.7258.155)\nFor documentation on this error, please visit: https://www.selenium.dev/documentation/webdriver/troubleshooting/errors#no-such-element-exception\nBuild info: version: '4.21.0', revision: '79ed462ef4'\nSystem info: os.name: 'Windows 11', os.arch: 'amd64', os.version: '10.0', java.version: '17.0.16'\nDriver info: org.openqa.selenium.chrome.ChromeDriver\nCommand: [7c5cab76f9228a457cd6fec3e85b2f35, findElement {using=css selector, value=[data-test='checkout']}]\nCapabilities {acceptInsecureCerts: false, browserName: chrome, browserVersion: 139.0.7258.155, chrome: {chromedriverVersion: 139.0.7258.154 (9e0d6b2b47f..., userDataDir: C:\\Users\\bhara\\AppData\\Loca...}, fedcm:accounts: true, goog:chromeOptions: {debuggerAddress: localhost:56400}, networkConnectionEnabled: false, pageLoadStrategy: normal, platformName: windows, proxy: Proxy(), se:cdp: ws://localhost:56400/devtoo..., se:cdpVersion: 139.0.7258.155, setWindowRect: true, strictFileInteractability: false, timeouts: {implicit: 0, pageLoad: 300000, script: 30000}, unhandledPromptBehavior: dismiss and notify, webauthn:extension:credBlob: true, webauthn:extension:largeBlob: true, webauthn:extension:minPinLength: true, webauthn:extension:prf: true, webauthn:virtualAuthenticators: true}\nSession ID: 7c5cab76f9228a457cd6fec3e85b2f35\r\n\tat java.base/jdk.internal.reflect.NativeConstructorAccessorImpl.newInstance0(Native Method)\r\n\tat java.base/jdk.internal.reflect.NativeConstructorAccessorImpl.newInstance(NativeConstructorAccessorImpl.java:77)\r\n\tat java.base/jdk.internal.reflect.DelegatingConstructorAccessorImpl.newInstance(DelegatingConstructorAccessorImpl.java:45)\r\n\tat java.base/java.lang.reflect.Constructor.newInstanceWithCaller(Constructor.java:500)\r\n\tat java.base/java.lang.reflect.Constructor.newInstance(Constructor.java:481)\r\n\tat org.openqa.selenium.remote.ErrorCodec.decode(ErrorCodec.java:167)\r\n\tat org.openqa.selenium.remote.codec.w3c.W3CHttpResponseCodec.decode(W3CHttpResponseCodec.java:138)\r\n\tat org.openqa.selenium.remote.codec.w3c.W3CHttpResponseCodec.decode(W3CHttpResponseCodec.java:50)\r\n\tat org.openqa.selenium.remote.HttpCommandExecutor.execute(HttpCommandExecutor.java:190)\r\n\tat org.openqa.selenium.remote.service.DriverCommandExecutor.invokeExecute(DriverCommandExecutor.java:216)\r\n\tat org.openqa.selenium.remote.service.DriverCommandExecutor.execute(DriverCommandExecutor.java:174)\r\n\tat org.openqa.selenium.remote.RemoteWebDriver.execute(RemoteWebDriver.java:518)\r\n\tat org.openqa.selenium.remote.ElementLocation$ElementFinder$2.findElement(ElementLocation.java:165)\r\n\tat org.openqa.selenium.remote.ElementLocation.findElement(ElementLocation.java:59)\r\n\tat org.openqa.selenium.remote.RemoteWebDriver.findElement(RemoteWebDriver.java:355)\r\n\tat org.openqa.selenium.remote.RemoteWebDriver.findElement(RemoteWebDriver.java:349)\r\n\tat org.openqa.selenium.support.pagefactory.DefaultElementLocator.findElement(DefaultElementLocator.java:68)\r\n\tat org.openqa.selenium.support.pagefactory.internal.LocatingElementHandler.invoke(LocatingElementHandler.java:38)\r\n\tat jdk.proxy2/jdk.proxy2.$Proxy15.isDisplayed(Unknown Source)\r\n\tat org.openqa.selenium.support.ui.ExpectedConditions.elementIfVisible(ExpectedConditions.java:304)\r\n\tat org.openqa.selenium.support.ui.ExpectedConditions$10.apply(ExpectedConditions.java:290)\r\n\tat org.openqa.selenium.support.ui.ExpectedConditions$10.apply(ExpectedConditions.java:287)\r\n\tat org.openqa.selenium.support.ui.ExpectedConditions$23.apply(ExpectedConditions.java:656)\r\n\tat org.openqa.selenium.support.ui.ExpectedConditions$23.apply(ExpectedConditions.java:652)\r\n\tat org.openqa.selenium.support.ui.FluentWait.until(FluentWait.java:203)\r\n\t... 31 more\r\n"},"stage":"finished","steps":[],"attachments":[],"parameters":[],"start":1757057703972,"stop":1757057735527}